<?xml version="1.0" encoding="UTF-8"?>
<!-- Generated by org.testng.reporters.JUnitReportReporter -->
<testsuite hostname="DESKTOP-28IAU6P" failures="0" tests="1" name="api.URLs.Code_Implementation" time="6.343" errors="0" timestamp="2023-04-24T11:43:19 IST" skipped="0">
  <testcase classname="api.URLs.Code_Implementation" name="create_User_API" time="6.343"/>
  <system-out/>
</testsuite> <!-- api.URLs.Code_Implementation -->
