<?xml version="1.0" encoding="UTF-8"?>
<!-- Generated by org.testng.reporters.JUnitReportReporter -->
<testsuite hostname="DESKTOP-28IAU6P" failures="0" tests="4" name="api.tests.UserTests" time="13.534" errors="0" timestamp="2023-04-25T12:21:04 IST" skipped="0">
  <testcase classname="api.tests.UserTests" name="test_Create_User" time="9.826"/>
  <system-out/>
  <testcase classname="api.tests.UserTests" name="test_Get_user" time="1.195"/>
  <system-out/>
  <testcase classname="api.tests.UserTests" name="test_update_user" time="1.312"/>
  <system-out/>
  <testcase classname="api.tests.UserTests" name="test_delete_user" time="1.201"/>
  <system-out/>
</testsuite> <!-- api.tests.UserTests -->
